Using pre-set license
Built from '2022.3/staging' branch; Version is '2022.3.4f1 (35713cd46cd7) revision 3502396'; Using compiler version '192829333'; Build Type 'Release'
OS: 'Windows 11  (10.0.22621) 64bit Core' Language: 'ru' Physical Memory: 16297 MB
BatchMode: 1, IsHumanControllingUs: 0, StartBugReporterOnCrash: 0, Is64bit: 1, IsPro: 1

COMMAND LINE ARGUMENTS:
D:\Unity\2022.3.4f1\Editor\Unity.exe
-adb2
-batchMode
-noUpm
-name
AssetImportWorker2
-projectPath
D:/game_project/GameJamCycles/GameJamCycles
-logFile
Logs/AssetImportWorker2.log
-srvPort
50999
Successfully changed project path to: D:/game_project/GameJamCycles/GameJamCycles
D:/game_project/GameJamCycles/GameJamCycles
[UnityMemory] Configuration Parameters - Can be set up in boot.config
    "memorysetup-bucket-allocator-granularity=16"
    "memorysetup-bucket-allocator-bucket-count=8"
    "memorysetup-bucket-allocator-block-size=33554432"
    "memorysetup-bucket-allocator-block-count=8"
    "memorysetup-main-allocator-block-size=16777216"
    "memorysetup-thread-allocator-block-size=16777216"
    "memorysetup-gfx-main-allocator-block-size=16777216"
    "memorysetup-gfx-thread-allocator-block-size=16777216"
    "memorysetup-cache-allocator-block-size=4194304"
    "memorysetup-typetree-allocator-block-size=2097152"
    "memorysetup-profiler-bucket-allocator-granularity=16"
    "memorysetup-profiler-bucket-allocator-bucket-count=8"
    "memorysetup-profiler-bucket-allocator-block-size=33554432"
    "memorysetup-profiler-bucket-allocator-block-count=8"
    "memorysetup-profiler-allocator-block-size=16777216"
    "memorysetup-profiler-editor-allocator-block-size=1048576"
    "memorysetup-temp-allocator-size-main=16777216"
    "memorysetup-job-temp-allocator-block-size=2097152"
    "memorysetup-job-temp-allocator-block-size-background=1048576"
    "memorysetup-job-temp-allocator-reduction-small-platforms=262144"
    "memorysetup-allocator-temp-initial-block-size-main=262144"
    "memorysetup-allocator-temp-initial-block-size-worker=262144"
    "memorysetup-temp-allocator-size-background-worker=32768"
    "memorysetup-temp-allocator-size-job-worker=262144"
    "memorysetup-temp-allocator-size-preload-manager=33554432"
    "memorysetup-temp-allocator-size-nav-mesh-worker=65536"
    "memorysetup-temp-allocator-size-audio-worker=65536"
    "memorysetup-temp-allocator-size-cloud-worker=32768"
    "memorysetup-temp-allocator-size-gi-baking-worker=262144"
    "memorysetup-temp-allocator-size-gfx=262144"
Player connection [1036] Host "[IP] 192.168.56.1 [Port] 0 [Flags] 2 [Guid] 2144711288 [EditorId] 2144711288 [Version] 1048832 [Id] WindowsEditor(7,Daniil_PC) [Debug] 1 [PackageName] WindowsEditor [ProjectName] Editor" joined multi-casting on [225.0.0.222:54997]...

Player connection [1036] Host "[IP] 192.168.56.1 [Port] 0 [Flags] 2 [Guid] 2144711288 [EditorId] 2144711288 [Version] 1048832 [Id] WindowsEditor(7,Daniil_PC) [Debug] 1 [PackageName] WindowsEditor [ProjectName] Editor" joined alternative multi-casting on [225.0.0.222:34997]...

Refreshing native plugins compatible for Editor in 6.48 ms, found 4 plugins.
Preloading 0 native plugins for Editor in 0.00 ms.
Initialize engine version: 2022.3.4f1 (35713cd46cd7)
[Subsystems] Discovering subsystems at path D:/Unity/2022.3.4f1/Editor/Data/Resources/UnitySubsystems
[Subsystems] Discovering subsystems at path D:/game_project/GameJamCycles/GameJamCycles/Assets
GfxDevice: creating device client; threaded=0; jobified=0
Direct3D:
    Version:  Direct3D 11.0 [level 11.1]
    Renderer: NVIDIA GeForce RTX 3060 Ti (ID=0x2489)
    Vendor:   NVIDIA
    VRAM:     8038 MB
    Driver:   31.0.15.3667
Initialize mono
Mono path[0] = 'D:/Unity/2022.3.4f1/Editor/Data/Managed'
Mono path[1] = 'D:/Unity/2022.3.4f1/Editor/Data/MonoBleedingEdge/lib/mono/unityjit-win32'
Mono config path = 'D:/Unity/2022.3.4f1/Editor/Data/MonoBleedingEdge/etc'
Using monoOptions --debugger-agent=transport=dt_socket,embedding=1,server=y,suspend=n,address=127.0.0.1:56180
Begin MonoManager ReloadAssembly
Registering precompiled unity dll's ...
Register platform support module: D:/Unity/2022.3.4f1/Editor/Data/PlaybackEngines/WebGLSupport/UnityEditor.WebGL.Extensions.dll
Register platform support module: D:/Unity/2022.3.4f1/Editor/Data/PlaybackEngines/MacStandaloneSupport/UnityEditor.OSXStandalone.Extensions.dll
Register platform support module: D:/Unity/2022.3.4f1/Editor/Data/PlaybackEngines/AndroidPlayer/UnityEditor.Android.Extensions.dll
Register platform support module: D:/Unity/2022.3.4f1/Editor/Data/PlaybackEngines/iOSSupport/UnityEditor.iOS.Extensions.dll
Register platform support module: D:/Unity/2022.3.4f1/Editor/Data/PlaybackEngines/AppleTVSupport/UnityEditor.AppleTV.Extensions.dll
Register platform support module: D:/Unity/2022.3.4f1/Editor/Data/PlaybackEngines/WindowsStandaloneSupport/UnityEditor.WindowsStandalone.Extensions.dll
Register platform support module: D:/Unity/2022.3.4f1/Editor/Data/PlaybackEngines/LinuxStandaloneSupport/UnityEditor.LinuxStandalone.Extensions.dll
Register platform support module: D:/Unity/2022.3.4f1/Editor/Data/PlaybackEngines/MetroSupport/UnityEditor.UWP.Extensions.dll
Registered in 0.007504 seconds.
- Loaded All Assemblies, in  0.275 seconds
Native extension for UWP target not found
Native extension for LinuxStandalone target not found
Native extension for WindowsStandalone target not found
[usbmuxd] Start listen thread
[usbmuxd] Listen thread started
Native extension for AppleTV target not found
[usbmuxd] Start listen thread
[usbmuxd] Listen thread started
Native extension for iOS target not found
Native extension for Android target not found
Android Extension - Scanning For ADB Devices 214 ms
Native extension for OSXStandalone target not found
Native extension for WebGL target not found
Mono: successfully reloaded assembly
- Finished resetting the current domain, in  0.507 seconds
Domain Reload Profiling: 782ms
	BeginReloadAssembly (68ms)
		ExecutionOrderSort (0ms)
		DisableScriptedObjects (0ms)
		BackupInstance (0ms)
		ReleaseScriptingObjects (0ms)
		CreateAndSetChildDomain (1ms)
	RebuildCommonClasses (32ms)
	RebuildNativeTypeToScriptingClass (9ms)
	initialDomainReloadingComplete (48ms)
	LoadAllAssembliesAndSetupDomain (117ms)
		LoadAssemblies (68ms)
		RebuildTransferFunctionScriptingTraits (0ms)
		AnalyzeDomain (114ms)
			TypeCache.Refresh (113ms)
				TypeCache.ScanAssembly (103ms)
			ScanForSourceGeneratedMonoScriptInfo (0ms)
			ResolveRequiredComponents (0ms)
	FinalizeReload (508ms)
		ReleaseScriptCaches (0ms)
		RebuildScriptCaches (0ms)
		SetupLoadedEditorAssemblies (459ms)
			LogAssemblyErrors (0ms)
			InitializePlatformSupportModulesInManaged (334ms)
			SetLoadedEditorAssemblies (3ms)
			RefreshPlugins (0ms)
			BeforeProcessingInitializeOnLoad (2ms)
			ProcessInitializeOnLoadAttributes (81ms)
			ProcessInitializeOnLoadMethodAttributes (38ms)
			AfterProcessingInitializeOnLoad (0ms)
			EditorAssembliesLoaded (0ms)
		ExecutionOrderSort2 (0ms)
		AwakeInstancesAfterBackupRestoration (0ms)
========================================================================
Worker process is ready to serve import requests
Begin MonoManager ReloadAssembly
Symbol file LoadedFromMemory doesn't match image D:\game_project\GameJamCycles\GameJamCycles\Library\PackageCache\com.unity.visualscripting@1.8.0\Editor\VisualScripting.Core\Dependencies\YamlDotNet\Unity.VisualScripting.YamlDotNet.dll
Symbol file LoadedFromMemory doesn't match image D:\game_project\GameJamCycles\GameJamCycles\Library\PackageCache\com.unity.visualscripting@1.8.0\Editor\VisualScripting.Core\Dependencies\DotNetZip\Unity.VisualScripting.IonicZip.dll
- Loaded All Assemblies, in  0.563 seconds
Refreshing native plugins compatible for Editor in 3.47 ms, found 4 plugins.
Native extension for UWP target not found
Native extension for LinuxStandalone target not found
Native extension for WindowsStandalone target not found
Native extension for AppleTV target not found
Native extension for iOS target not found
Native extension for Android target not found
Native extension for OSXStandalone target not found
Native extension for WebGL target not found
Mono: successfully reloaded assembly
- Finished resetting the current domain, in  0.409 seconds
Domain Reload Profiling: 972ms
	BeginReloadAssembly (105ms)
		ExecutionOrderSort (0ms)
		DisableScriptedObjects (5ms)
		BackupInstance (0ms)
		ReleaseScriptingObjects (0ms)
		CreateAndSetChildDomain (21ms)
	RebuildCommonClasses (26ms)
	RebuildNativeTypeToScriptingClass (8ms)
	initialDomainReloadingComplete (32ms)
	LoadAllAssembliesAndSetupDomain (391ms)
		LoadAssemblies (216ms)
		RebuildTransferFunctionScriptingTraits (0ms)
		AnalyzeDomain (227ms)
			TypeCache.Refresh (208ms)
				TypeCache.ScanAssembly (198ms)
			ScanForSourceGeneratedMonoScriptInfo (15ms)
			ResolveRequiredComponents (3ms)
	FinalizeReload (409ms)
		ReleaseScriptCaches (0ms)
		RebuildScriptCaches (0ms)
		SetupLoadedEditorAssemblies (284ms)
			LogAssemblyErrors (0ms)
			InitializePlatformSupportModulesInManaged (25ms)
			SetLoadedEditorAssemblies (2ms)
			RefreshPlugins (0ms)
			BeforeProcessingInitializeOnLoad (50ms)
			ProcessInitializeOnLoadAttributes (180ms)
			ProcessInitializeOnLoadMethodAttributes (25ms)
			AfterProcessingInitializeOnLoad (1ms)
			EditorAssembliesLoaded (0ms)
		ExecutionOrderSort2 (0ms)
		AwakeInstancesAfterBackupRestoration (4ms)
Launched and connected shader compiler UnityShaderCompiler.exe after 0.05 seconds
Refreshing native plugins compatible for Editor in 2.51 ms, found 4 plugins.
Preloading 0 native plugins for Editor in 0.00 ms.
Unloading 4007 Unused Serialized files (Serialized files now loaded: 0)
Unloading 69 unused Assets / (244.7 KB). Loaded Objects now: 4469.
Memory consumption went from 144.8 MB to 144.6 MB.
Total: 3.205200 ms (FindLiveObjects: 0.244700 ms CreateObjectMapping: 0.112000 ms MarkObjects: 2.654200 ms  DeleteObjects: 0.193700 ms)

AssetImportParameters requested are different than current active one (requested -> active):
  custom:container-demuxer-ogg: 62fdf1f143b41e24485cea50d1cbac27 -> 
  custom:video-codec-MediaFoundation-h265: 746d11721c4dcdbdad8f713fa42b33f4 -> 
  custom:video-decoder-ogg-theora: a1e56fd34408186e4bbccfd4996cb3dc -> 
  custom:framework-win-MediaFoundation: 216162199b28c13a410421893ffa2e32 -> 
  custom:CustomObjectIndexerAttribute: 756ad292c208cfabdd7b50bc23989ffe -> 
  custom:container-demuxer-webm: 4f35f7cbe854078d1ac9338744f61a02 -> 
  custom:container-muxer-webm: aa71ff27fc2769a1b78a27578f13a17b -> 
  custom:video-decoder-webm-vp8: 9c59270c3fd7afecdb556c50c9e8de78 -> 
  custom:AudioImporter_EditorPlatform: d09bf68614088b80899f8185d706f6e7 -> 
  custom:video-encoder-webm-vp8: eb34c28f22e8b96e1ab97ce403110664 -> 
  custom:audio-decoder-ogg-vorbis: bf7c407c2cedff20999df2af8eb42d56 -> 
  custom:audio-encoder-webm-vorbis: bf7c407c2cedff20999df2af8eb42d56 -> 
========================================================================
Received Import Request.
  Time since last request: 32488.473822 seconds.
  path: Assets/Sprites/Temp/Sprite-0001.png
  artifactKey: Guid(aa3af153bd3141d4cb6b7fd4559b08b4) Importer(815301076,1909f56bfc062723c751e8b465ee728b)
Start importing Assets/Sprites/Temp/Sprite-0001.png using Guid(aa3af153bd3141d4cb6b7fd4559b08b4) Importer(815301076,1909f56bfc062723c751e8b465ee728b)  -> (artifact id: '24001e8b7ec1b5806acbe60393f86bd6') in 0.072908 seconds
Number of updated asset objects reloaded before import = 0
Number of asset objects unloaded after import = 10
========================================================================
Received Import Request.
  Time since last request: 129.729276 seconds.
  path: Assets/Sprites/Background/photo_2023-07-23_23-36-15.png
  artifactKey: Guid(44db46436b72c5c4495ad6b69f258ac2) Importer(815301076,1909f56bfc062723c751e8b465ee728b)
Start importing Assets/Sprites/Background/photo_2023-07-23_23-36-15.png using Guid(44db46436b72c5c4495ad6b69f258ac2) Importer(815301076,1909f56bfc062723c751e8b465ee728b)  -> (artifact id: 'a122bb72859c8658209b91d99567d212') in 0.046523 seconds
Number of updated asset objects reloaded before import = 0
Number of asset objects unloaded after import = 3
========================================================================
Received Import Request.
  Time since last request: 141.402802 seconds.
  path: Assets/Sprites/Background/photo_2023-07-23_23-36-15.png
  artifactKey: Guid(44db46436b72c5c4495ad6b69f258ac2) Importer(815301076,1909f56bfc062723c751e8b465ee728b)
Start importing Assets/Sprites/Background/photo_2023-07-23_23-36-15.png using Guid(44db46436b72c5c4495ad6b69f258ac2) Importer(815301076,1909f56bfc062723c751e8b465ee728b)  -> (artifact id: '1bf6ecaf45293cfdb8539af833c0a20b') in 0.032669 seconds
Number of updated asset objects reloaded before import = 0
Number of asset objects unloaded after import = 3
========================================================================
Received Import Request.
  Time since last request: 114.620912 seconds.
  path: Assets/Sprites/Background/photo_2023-07-23_23-36-15.jpg
  artifactKey: Guid(c6253a5b81bd41a45b9eb9fb5ea0f276) Importer(815301076,1909f56bfc062723c751e8b465ee728b)
Start importing Assets/Sprites/Background/photo_2023-07-23_23-36-15.jpg using Guid(c6253a5b81bd41a45b9eb9fb5ea0f276) Importer(815301076,1909f56bfc062723c751e8b465ee728b)  -> (artifact id: '5f7bf974f42c383c98e4b6dd2938eed6') in 0.019354 seconds
Number of updated asset objects reloaded before import = 0
Number of asset objects unloaded after import = 3
========================================================================
Received Import Request.
  Time since last request: 23.608682 seconds.
  path: Assets/Sprites/Background/photo_2023-07-23_23-36-15.jpg
  artifactKey: Guid(c6253a5b81bd41a45b9eb9fb5ea0f276) Importer(815301076,1909f56bfc062723c751e8b465ee728b)
Start importing Assets/Sprites/Background/photo_2023-07-23_23-36-15.jpg using Guid(c6253a5b81bd41a45b9eb9fb5ea0f276) Importer(815301076,1909f56bfc062723c751e8b465ee728b)  -> (artifact id: 'c3e5cb5b4f022f56502d78303d093efd') in 0.015609 seconds
Number of updated asset objects reloaded before import = 0
Number of asset objects unloaded after import = 2
========================================================================
Received Import Request.
  Time since last request: 20.218689 seconds.
  path: Assets/Sprites/Background/photo_2023-07-23_23-36-15.jpg
  artifactKey: Guid(c6253a5b81bd41a45b9eb9fb5ea0f276) Importer(815301076,1909f56bfc062723c751e8b465ee728b)
Start importing Assets/Sprites/Background/photo_2023-07-23_23-36-15.jpg using Guid(c6253a5b81bd41a45b9eb9fb5ea0f276) Importer(815301076,1909f56bfc062723c751e8b465ee728b)  -> (artifact id: '7e6cd9e6a24f868fd8c933027e7a803a') in 0.089750 seconds
Number of updated asset objects reloaded before import = 0
Number of asset objects unloaded after import = 18
========================================================================
Received Import Request.
  Time since last request: 10.815286 seconds.
  path: Assets/Sprites/Background/Materials
  artifactKey: Guid(1718450f95041bf489087c7a0009b586) Importer(815301076,1909f56bfc062723c751e8b465ee728b)
Start importing Assets/Sprites/Background/Materials using Guid(1718450f95041bf489087c7a0009b586) Importer(815301076,1909f56bfc062723c751e8b465ee728b)  -> (artifact id: '66c65fde9b7696daec9424688840a05c') in 0.000432 seconds
Number of updated asset objects reloaded before import = 0
Number of asset objects unloaded after import = 0
========================================================================
Received Import Request.
  Time since last request: 0.069776 seconds.
  path: Assets/Sprites/Background/Materials/photo_2023-07-23_23-36-15.mat
  artifactKey: Guid(e871d9d6c355d31478cbc9ad225b2185) Importer(815301076,1909f56bfc062723c751e8b465ee728b)
Start importing Assets/Sprites/Background/Materials/photo_2023-07-23_23-36-15.mat using Guid(e871d9d6c355d31478cbc9ad225b2185) Importer(815301076,1909f56bfc062723c751e8b465ee728b)  -> (artifact id: 'fd4ba7aadbb0fff670cbfff513ad82fd') in 0.031520 seconds
Number of updated asset objects reloaded before import = 0
Number of asset objects unloaded after import = 2
========================================================================
Received Import Request.
  Time since last request: 128.901642 seconds.
  path: Assets/Sprites/Background/photo_2023-07-23_23-36-15.jpg
  artifactKey: Guid(c6253a5b81bd41a45b9eb9fb5ea0f276) Importer(815301076,1909f56bfc062723c751e8b465ee728b)
Start importing Assets/Sprites/Background/photo_2023-07-23_23-36-15.jpg using Guid(c6253a5b81bd41a45b9eb9fb5ea0f276) Importer(815301076,1909f56bfc062723c751e8b465ee728b)  -> (artifact id: 'e347c40e48faaa9f8012df969e2ab937') in 0.074019 seconds
Number of updated asset objects reloaded before import = 0
Number of asset objects unloaded after import = 18
========================================================================
Received Import Request.
  Time since last request: 5.844691 seconds.
  path: Assets/Sprites/Background/photo_2023-07-23_23-36-15.jpg
  artifactKey: Guid(c6253a5b81bd41a45b9eb9fb5ea0f276) Importer(815301076,1909f56bfc062723c751e8b465ee728b)
Start importing Assets/Sprites/Background/photo_2023-07-23_23-36-15.jpg using Guid(c6253a5b81bd41a45b9eb9fb5ea0f276) Importer(815301076,1909f56bfc062723c751e8b465ee728b)  -> (artifact id: '63458717824b36611ef615b7260064d3') in 0.073101 seconds
Number of updated asset objects reloaded before import = 0
Number of asset objects unloaded after import = 18
========================================================================
Received Import Request.
  Time since last request: 8.442378 seconds.
  path: Assets/Sprites/Background/photo_2023-07-23_23-36-15.jpg
  artifactKey: Guid(c6253a5b81bd41a45b9eb9fb5ea0f276) Importer(815301076,1909f56bfc062723c751e8b465ee728b)
Start importing Assets/Sprites/Background/photo_2023-07-23_23-36-15.jpg using Guid(c6253a5b81bd41a45b9eb9fb5ea0f276) Importer(815301076,1909f56bfc062723c751e8b465ee728b)  -> (artifact id: 'f8926a827c588b4c81069a623907dd13') in 0.080151 seconds
Number of updated asset objects reloaded before import = 0
Number of asset objects unloaded after import = 18
========================================================================
Received Import Request.
  Time since last request: 4.449769 seconds.
  path: Assets/Sprites/Background/photo_2023-07-23_23-36-15.jpg
  artifactKey: Guid(c6253a5b81bd41a45b9eb9fb5ea0f276) Importer(815301076,1909f56bfc062723c751e8b465ee728b)
Start importing Assets/Sprites/Background/photo_2023-07-23_23-36-15.jpg using Guid(c6253a5b81bd41a45b9eb9fb5ea0f276) Importer(815301076,1909f56bfc062723c751e8b465ee728b)  -> (artifact id: '3a7f33b022598d4ee56d67dd4dbd9b5e') in 0.074094 seconds
Number of updated asset objects reloaded before import = 0
Number of asset objects unloaded after import = 18
========================================================================
Received Import Request.
  Time since last request: 84.658639 seconds.
  path: Assets/TilePallets/Palette.prefab
  artifactKey: Guid(192bdb90118b51e4da3f03f856b8f53c) Importer(815301076,1909f56bfc062723c751e8b465ee728b)
Start importing Assets/TilePallets/Palette.prefab using Guid(192bdb90118b51e4da3f03f856b8f53c) Importer(815301076,1909f56bfc062723c751e8b465ee728b)  -> (artifact id: 'ecebc86050eb8dae8eac69013a4c3f8e') in 0.024659 seconds
Number of updated asset objects reloaded before import = 0
Number of asset objects unloaded after import = 26
========================================================================
Received Import Request.
  Time since last request: 6.985820 seconds.
  path: Assets/Tiles/BackgroundTiles/photo_2023-07-23_23-36-15_0.asset
  artifactKey: Guid(93048e15bf844ae47baab72e2e58421f) Importer(815301076,1909f56bfc062723c751e8b465ee728b)
Start importing Assets/Tiles/BackgroundTiles/photo_2023-07-23_23-36-15_0.asset using Guid(93048e15bf844ae47baab72e2e58421f) Importer(815301076,1909f56bfc062723c751e8b465ee728b)  -> (artifact id: 'f3532236d895d181d2b12fdf4a9bf095') in 0.002620 seconds
Number of updated asset objects reloaded before import = 0
Number of asset objects unloaded after import = 1
========================================================================
Received Import Request.
  Time since last request: 0.006515 seconds.
  path: Assets/Tiles/BackgroundTiles/photo_2023-07-23_23-36-15_4.asset
  artifactKey: Guid(45443be95ac767946be0b5c8c16ecf0c) Importer(815301076,1909f56bfc062723c751e8b465ee728b)
Start importing Assets/Tiles/BackgroundTiles/photo_2023-07-23_23-36-15_4.asset using Guid(45443be95ac767946be0b5c8c16ecf0c) Importer(815301076,1909f56bfc062723c751e8b465ee728b)  -> (artifact id: '50a6b1587e0a7cf15b18c6ced3a3f1e7') in 0.001842 seconds
Number of updated asset objects reloaded before import = 0
Number of asset objects unloaded after import = 1
========================================================================
Received Import Request.
  Time since last request: 0.000015 seconds.
  path: Assets/Tiles/BackgroundTiles/photo_2023-07-23_23-36-15_2.asset
  artifactKey: Guid(0b207043e69cf4a41bae11359ad2b931) Importer(815301076,1909f56bfc062723c751e8b465ee728b)
Start importing Assets/Tiles/BackgroundTiles/photo_2023-07-23_23-36-15_2.asset using Guid(0b207043e69cf4a41bae11359ad2b931) Importer(815301076,1909f56bfc062723c751e8b465ee728b)  -> (artifact id: '5a6612074ea0cbb4bc10fedd07c4c694') in 0.001121 seconds
Number of updated asset objects reloaded before import = 0
Number of asset objects unloaded after import = 1
========================================================================
Received Import Request.
  Time since last request: 0.001221 seconds.
  path: Assets/Tiles/BackgroundTiles/photo_2023-07-23_23-36-15_6.asset
  artifactKey: Guid(53d8c8b721cbd344faea976be0199e52) Importer(815301076,1909f56bfc062723c751e8b465ee728b)
Start importing Assets/Tiles/BackgroundTiles/photo_2023-07-23_23-36-15_6.asset using Guid(53d8c8b721cbd344faea976be0199e52) Importer(815301076,1909f56bfc062723c751e8b465ee728b)  -> (artifact id: 'c039436c6111374326b2832a75e42b27') in 0.001493 seconds
Number of updated asset objects reloaded before import = 0
Number of asset objects unloaded after import = 1
========================================================================
Received Import Request.
  Time since last request: 0.001164 seconds.
  path: Assets/Tiles/BackgroundTiles/photo_2023-07-23_23-36-15_7.asset
  artifactKey: Guid(3fba203f32cea2641b54c79e00769172) Importer(815301076,1909f56bfc062723c751e8b465ee728b)
Start importing Assets/Tiles/BackgroundTiles/photo_2023-07-23_23-36-15_7.asset using Guid(3fba203f32cea2641b54c79e00769172) Importer(815301076,1909f56bfc062723c751e8b465ee728b)  -> (artifact id: '11021aaf6abaf071f4637711eeaa5461') in 0.001530 seconds
Number of updated asset objects reloaded before import = 0
Number of asset objects unloaded after import = 1
========================================================================
Received Import Request.
  Time since last request: 0.000036 seconds.
  path: Assets/Tiles/BackgroundTiles/photo_2023-07-23_23-36-15_10.asset
  artifactKey: Guid(11b46a61835d2e242a32c5edc38dd0fa) Importer(815301076,1909f56bfc062723c751e8b465ee728b)
Start importing Assets/Tiles/BackgroundTiles/photo_2023-07-23_23-36-15_10.asset using Guid(11b46a61835d2e242a32c5edc38dd0fa) Importer(815301076,1909f56bfc062723c751e8b465ee728b)  -> (artifact id: 'a822af197afd63b1e135baaf1f1eba0a') in 0.001153 seconds
Number of updated asset objects reloaded before import = 0
Number of asset objects unloaded after import = 1
========================================================================
Received Import Request.
  Time since last request: 0.000029 seconds.
  path: Assets/Tiles/BackgroundTiles/photo_2023-07-23_23-36-15_15.asset
  artifactKey: Guid(cf3967fd683b9b34b9d3a4bbf61becdc) Importer(815301076,1909f56bfc062723c751e8b465ee728b)
Start importing Assets/Tiles/BackgroundTiles/photo_2023-07-23_23-36-15_15.asset using Guid(cf3967fd683b9b34b9d3a4bbf61becdc) Importer(815301076,1909f56bfc062723c751e8b465ee728b)  -> (artifact id: '8fd6803ac041ad936469c454bd0ed88c') in 0.001156 seconds
Number of updated asset objects reloaded before import = 0
Number of asset objects unloaded after import = 1
========================================================================
Received Import Request.
  Time since last request: 0.000040 seconds.
  path: Assets/Tiles/BackgroundTiles/photo_2023-07-23_23-36-15_11.asset
  artifactKey: Guid(174c10eb2d7a27f4ba8cdaee63246fc7) Importer(815301076,1909f56bfc062723c751e8b465ee728b)
Start importing Assets/Tiles/BackgroundTiles/photo_2023-07-23_23-36-15_11.asset using Guid(174c10eb2d7a27f4ba8cdaee63246fc7) Importer(815301076,1909f56bfc062723c751e8b465ee728b)  -> (artifact id: '74a73abd69d4ae719aba08e58d01407b') in 0.001186 seconds
Number of updated asset objects reloaded before import = 0
Number of asset objects unloaded after import = 1
========================================================================
Received Import Request.
  Time since last request: 0.000039 seconds.
  path: Assets/Tiles/BackgroundTiles/photo_2023-07-23_23-36-15_12.asset
  artifactKey: Guid(2589b68312c9f1e4ab5fb4f5d02d2eac) Importer(815301076,1909f56bfc062723c751e8b465ee728b)
Start importing Assets/Tiles/BackgroundTiles/photo_2023-07-23_23-36-15_12.asset using Guid(2589b68312c9f1e4ab5fb4f5d02d2eac) Importer(815301076,1909f56bfc062723c751e8b465ee728b)  -> (artifact id: '4e939bfe2ca6c6bbc6620655262baae2') in 0.000860 seconds
Number of updated asset objects reloaded before import = 0
Number of asset objects unloaded after import = 1
========================================================================
Received Import Request.
  Time since last request: 4.018934 seconds.
  path: Assets/Tiles/BackgroundTiles
  artifactKey: Guid(a3d5d91c84acf9940be0ec596ed281f2) Importer(815301076,1909f56bfc062723c751e8b465ee728b)
Start importing Assets/Tiles/BackgroundTiles using Guid(a3d5d91c84acf9940be0ec596ed281f2) Importer(815301076,1909f56bfc062723c751e8b465ee728b)  -> (artifact id: '0f6953832535d120386642373d9d35dc') in 0.000435 seconds
Number of updated asset objects reloaded before import = 0
Number of asset objects unloaded after import = 0
========================================================================
Received Import Request.
  Time since last request: 66.320798 seconds.
  path: ProjectSettings/TagManager.asset
  artifactKey: Guid(00000000000000003000000000000000) Importer(815301076,1909f56bfc062723c751e8b465ee728b)
Start importing ProjectSettings/TagManager.asset using Guid(00000000000000003000000000000000) Importer(815301076,1909f56bfc062723c751e8b465ee728b)  -> (artifact id: '6b9326e97e2461385864aa44f9e28ada') in 0.000671 seconds
Number of updated asset objects reloaded before import = 0
Number of asset objects unloaded after import = 0
========================================================================
Received Prepare
Begin MonoManager ReloadAssembly
Symbol file LoadedFromMemory doesn't match image D:\game_project\GameJamCycles\GameJamCycles\Library\PackageCache\com.unity.visualscripting@1.8.0\Editor\VisualScripting.Core\Dependencies\YamlDotNet\Unity.VisualScripting.YamlDotNet.dll
Symbol file LoadedFromMemory doesn't match image D:\game_project\GameJamCycles\GameJamCycles\Library\PackageCache\com.unity.visualscripting@1.8.0\Editor\VisualScripting.Core\Dependencies\DotNetZip\Unity.VisualScripting.IonicZip.dll
- Loaded All Assemblies, in  0.518 seconds
Refreshing native plugins compatible for Editor in 2.44 ms, found 4 plugins.
Native extension for UWP target not found
Native extension for LinuxStandalone target not found
Native extension for WindowsStandalone target not found
Native extension for AppleTV target not found
Native extension for iOS target not found
Native extension for Android target not found
Native extension for OSXStandalone target not found
Native extension for WebGL target not found
Mono: successfully reloaded assembly
- Finished resetting the current domain, in  0.655 seconds
Domain Reload Profiling: 1173ms
	BeginReloadAssembly (128ms)
		ExecutionOrderSort (0ms)
		DisableScriptedObjects (9ms)
		BackupInstance (0ms)
		ReleaseScriptingObjects (0ms)
		CreateAndSetChildDomain (42ms)
	RebuildCommonClasses (23ms)
	RebuildNativeTypeToScriptingClass (8ms)
	initialDomainReloadingComplete (20ms)
	LoadAllAssembliesAndSetupDomain (339ms)
		LoadAssemblies (198ms)
		RebuildTransferFunctionScriptingTraits (0ms)
		AnalyzeDomain (191ms)
			TypeCache.Refresh (187ms)
				TypeCache.ScanAssembly (177ms)
			ScanForSourceGeneratedMonoScriptInfo (0ms)
			ResolveRequiredComponents (4ms)
	FinalizeReload (655ms)
		ReleaseScriptCaches (0ms)
		RebuildScriptCaches (0ms)
		SetupLoadedEditorAssemblies (301ms)
			LogAssemblyErrors (0ms)
			InitializePlatformSupportModulesInManaged (27ms)
			SetLoadedEditorAssemblies (3ms)
			RefreshPlugins (0ms)
			BeforeProcessingInitializeOnLoad (54ms)
			ProcessInitializeOnLoadAttributes (185ms)
			ProcessInitializeOnLoadMethodAttributes (29ms)
			AfterProcessingInitializeOnLoad (2ms)
			EditorAssembliesLoaded (0ms)
		ExecutionOrderSort2 (0ms)
		AwakeInstancesAfterBackupRestoration (12ms)
Refreshing native plugins compatible for Editor in 2.35 ms, found 4 plugins.
Preloading 0 native plugins for Editor in 0.00 ms.
Unloading 4000 Unused Serialized files (Serialized files now loaded: 0)
Unloading 41 unused Assets / (216.9 KB). Loaded Objects now: 4522.
Memory consumption went from 142.8 MB to 142.6 MB.
Total: 3.662200 ms (FindLiveObjects: 0.281700 ms CreateObjectMapping: 0.111200 ms MarkObjects: 3.099800 ms  DeleteObjects: 0.168800 ms)

Prepare: number of updated asset objects reloaded= 0
AssetImportParameters requested are different than current active one (requested -> active):
  custom:container-demuxer-ogg: 62fdf1f143b41e24485cea50d1cbac27 -> 
  custom:video-codec-MediaFoundation-h265: 746d11721c4dcdbdad8f713fa42b33f4 -> 
  custom:video-decoder-ogg-theora: a1e56fd34408186e4bbccfd4996cb3dc -> 
  custom:framework-win-MediaFoundation: 216162199b28c13a410421893ffa2e32 -> 
  custom:CustomObjectIndexerAttribute: 756ad292c208cfabdd7b50bc23989ffe -> 
  custom:container-demuxer-webm: 4f35f7cbe854078d1ac9338744f61a02 -> 
  custom:container-muxer-webm: aa71ff27fc2769a1b78a27578f13a17b -> 
  custom:video-decoder-webm-vp8: 9c59270c3fd7afecdb556c50c9e8de78 -> 
  custom:AudioImporter_EditorPlatform: d09bf68614088b80899f8185d706f6e7 -> 
  custom:video-encoder-webm-vp8: eb34c28f22e8b96e1ab97ce403110664 -> 
  custom:audio-decoder-ogg-vorbis: bf7c407c2cedff20999df2af8eb42d56 -> 
  custom:audio-encoder-webm-vorbis: bf7c407c2cedff20999df2af8eb42d56 -> 
========================================================================
Received Import Request.
  Time since last request: 1110.105161 seconds.
  path: Assets/SpriteAtlas/New Sprite Atlas.spriteatlasv2
  artifactKey: Guid(9fc60de391c709e44bf95da10aa29529) Importer(815301076,1909f56bfc062723c751e8b465ee728b)
Start importing Assets/SpriteAtlas/New Sprite Atlas.spriteatlasv2 using Guid(9fc60de391c709e44bf95da10aa29529) Importer(815301076,1909f56bfc062723c751e8b465ee728b)  -> (artifact id: 'caeef4e948375c915bbe565a6eb2b574') in 0.008155 seconds
Number of updated asset objects reloaded before import = 0
Number of asset objects unloaded after import = 2
========================================================================
Received Import Request.
  Time since last request: 19.077994 seconds.
  path: Assets/SpriteAtlas/Test_level.spriteatlasv2
  artifactKey: Guid(9fc60de391c709e44bf95da10aa29529) Importer(815301076,1909f56bfc062723c751e8b465ee728b)
Start importing Assets/SpriteAtlas/Test_level.spriteatlasv2 using Guid(9fc60de391c709e44bf95da10aa29529) Importer(815301076,1909f56bfc062723c751e8b465ee728b)  -> (artifact id: '613eb70d49ad8479b1a2272c9789ce46') in 0.000922 seconds
Number of updated asset objects reloaded before import = 0
Number of asset objects unloaded after import = 2
========================================================================
Received Import Request.
  Time since last request: 42.201814 seconds.
  path: Assets/SpriteAtlas/New Sprite Atlas.spriteatlasv2
  artifactKey: Guid(0dddf910202ba6e48a89596ccba6de5b) Importer(815301076,1909f56bfc062723c751e8b465ee728b)
Start importing Assets/SpriteAtlas/New Sprite Atlas.spriteatlasv2 using Guid(0dddf910202ba6e48a89596ccba6de5b) Importer(815301076,1909f56bfc062723c751e8b465ee728b)  -> (artifact id: 'f5036a11d75cdef9c5876ca7bac250b1') in 0.000913 seconds
Number of updated asset objects reloaded before import = 0
Number of asset objects unloaded after import = 2
========================================================================
Received Prepare
Begin MonoManager ReloadAssembly
Symbol file LoadedFromMemory doesn't match image D:\game_project\GameJamCycles\GameJamCycles\Library\PackageCache\com.unity.visualscripting@1.8.0\Editor\VisualScripting.Core\Dependencies\YamlDotNet\Unity.VisualScripting.YamlDotNet.dll
Symbol file LoadedFromMemory doesn't match image D:\game_project\GameJamCycles\GameJamCycles\Library\PackageCache\com.unity.visualscripting@1.8.0\Editor\VisualScripting.Core\Dependencies\DotNetZip\Unity.VisualScripting.IonicZip.dll
- Loaded All Assemblies, in  0.509 seconds
Refreshing native plugins compatible for Editor in 2.06 ms, found 4 plugins.
Native extension for UWP target not found
Native extension for LinuxStandalone target not found
Native extension for WindowsStandalone target not found
Native extension for AppleTV target not found
Native extension for iOS target not found
Native extension for Android target not found
Native extension for OSXStandalone target not found
Native extension for WebGL target not found
Mono: successfully reloaded assembly
- Finished resetting the current domain, in  0.690 seconds
Domain Reload Profiling: 1199ms
	BeginReloadAssembly (134ms)
		ExecutionOrderSort (0ms)
		DisableScriptedObjects (12ms)
		BackupInstance (0ms)
		ReleaseScriptingObjects (0ms)
		CreateAndSetChildDomain (41ms)
	RebuildCommonClasses (23ms)
	RebuildNativeTypeToScriptingClass (8ms)
	initialDomainReloadingComplete (18ms)
	LoadAllAssembliesAndSetupDomain (326ms)
		LoadAssemblies (196ms)
		RebuildTransferFunctionScriptingTraits (0ms)
		AnalyzeDomain (186ms)
			TypeCache.Refresh (183ms)
				TypeCache.ScanAssembly (174ms)
			ScanForSourceGeneratedMonoScriptInfo (0ms)
			ResolveRequiredComponents (3ms)
	FinalizeReload (690ms)
		ReleaseScriptCaches (0ms)
		RebuildScriptCaches (0ms)
		SetupLoadedEditorAssemblies (310ms)
			LogAssemblyErrors (0ms)
			InitializePlatformSupportModulesInManaged (31ms)
			SetLoadedEditorAssemblies (3ms)
			RefreshPlugins (0ms)
			BeforeProcessingInitializeOnLoad (60ms)
			ProcessInitializeOnLoadAttributes (187ms)
			ProcessInitializeOnLoadMethodAttributes (28ms)
			AfterProcessingInitializeOnLoad (2ms)
			EditorAssembliesLoaded (0ms)
		ExecutionOrderSort2 (0ms)
		AwakeInstancesAfterBackupRestoration (12ms)
Refreshing native plugins compatible for Editor in 2.30 ms, found 4 plugins.
Preloading 0 native plugins for Editor in 0.00 ms.
Unloading 4000 Unused Serialized files (Serialized files now loaded: 0)
Unloading 41 unused Assets / (217.0 KB). Loaded Objects now: 4526.
Memory consumption went from 142.9 MB to 142.6 MB.
Total: 3.325000 ms (FindLiveObjects: 0.259000 ms CreateObjectMapping: 0.095300 ms MarkObjects: 2.798800 ms  DeleteObjects: 0.171300 ms)

Prepare: number of updated asset objects reloaded= 0
AssetImportParameters requested are different than current active one (requested -> active):
  custom:container-demuxer-ogg: 62fdf1f143b41e24485cea50d1cbac27 -> 
  custom:video-codec-MediaFoundation-h265: 746d11721c4dcdbdad8f713fa42b33f4 -> 
  custom:video-decoder-ogg-theora: a1e56fd34408186e4bbccfd4996cb3dc -> 
  custom:framework-win-MediaFoundation: 216162199b28c13a410421893ffa2e32 -> 
  custom:CustomObjectIndexerAttribute: 756ad292c208cfabdd7b50bc23989ffe -> 
  custom:container-demuxer-webm: 4f35f7cbe854078d1ac9338744f61a02 -> 
  custom:container-muxer-webm: aa71ff27fc2769a1b78a27578f13a17b -> 
  custom:video-decoder-webm-vp8: 9c59270c3fd7afecdb556c50c9e8de78 -> 
  custom:AudioImporter_EditorPlatform: d09bf68614088b80899f8185d706f6e7 -> 
  custom:video-encoder-webm-vp8: eb34c28f22e8b96e1ab97ce403110664 -> 
  custom:audio-decoder-ogg-vorbis: bf7c407c2cedff20999df2af8eb42d56 -> 
  custom:audio-encoder-webm-vorbis: bf7c407c2cedff20999df2af8eb42d56 -> 
========================================================================
Received Import Request.
  Time since last request: 809.557135 seconds.
  path: Assets/Sprites
  artifactKey: Guid(40204605d6846e14ca3a3c85608ac4d2) Importer(815301076,1909f56bfc062723c751e8b465ee728b)
Start importing Assets/Sprites using Guid(40204605d6846e14ca3a3c85608ac4d2) Importer(815301076,1909f56bfc062723c751e8b465ee728b)  -> (artifact id: '3ba99954f44cb93a5ce92cab2f869b95') in 0.001867 seconds
Number of updated asset objects reloaded before import = 0
Number of asset objects unloaded after import = 0
========================================================================
Received Import Request.
  Time since last request: 8.483313 seconds.
  path: Assets/Sprites/MainCharacter
  artifactKey: Guid(aa96e92c909b16a4e8aca896f243f5c3) Importer(815301076,1909f56bfc062723c751e8b465ee728b)
Start importing Assets/Sprites/MainCharacter using Guid(aa96e92c909b16a4e8aca896f243f5c3) Importer(815301076,1909f56bfc062723c751e8b465ee728b)  -> (artifact id: '6f6e9ee164ec0f74a3649534bee14206') in 0.000456 seconds
Number of updated asset objects reloaded before import = 0
Number of asset objects unloaded after import = 0
========================================================================
Received Import Request.
  Time since last request: 38.378660 seconds.
  path: Assets/Sprites/MainCharacter/CharacterAsset.png
  artifactKey: Guid(84dc5df61c879d8439c827bded5429f2) Importer(815301076,1909f56bfc062723c751e8b465ee728b)
Start importing Assets/Sprites/MainCharacter/CharacterAsset.png using Guid(84dc5df61c879d8439c827bded5429f2) Importer(815301076,1909f56bfc062723c751e8b465ee728b)  -> (artifact id: 'dbe4dfdb473313ef79cb1e9746a3b827') in 0.068781 seconds
Number of updated asset objects reloaded before import = 0
Number of asset objects unloaded after import = 3
========================================================================
Received Import Request.
  Time since last request: 18.004806 seconds.
  path: Assets/Sprites/MainCharacter/CharacterAsset.png
  artifactKey: Guid(84dc5df61c879d8439c827bded5429f2) Importer(815301076,1909f56bfc062723c751e8b465ee728b)
Start importing Assets/Sprites/MainCharacter/CharacterAsset.png using Guid(84dc5df61c879d8439c827bded5429f2) Importer(815301076,1909f56bfc062723c751e8b465ee728b)  -> (artifact id: '322ff1fd0ecbfa736489e1579e978af6') in 0.027213 seconds
Number of updated asset objects reloaded before import = 0
Number of asset objects unloaded after import = 2
========================================================================
Received Import Request.
  Time since last request: 10.624930 seconds.
  path: Assets/Sprites/MainCharacter/CharacterAsset.png
  artifactKey: Guid(84dc5df61c879d8439c827bded5429f2) Importer(815301076,1909f56bfc062723c751e8b465ee728b)
Start importing Assets/Sprites/MainCharacter/CharacterAsset.png using Guid(84dc5df61c879d8439c827bded5429f2) Importer(815301076,1909f56bfc062723c751e8b465ee728b)  -> (artifact id: 'e75bba57fe8ceaa6938c283105ae45c4') in 0.039324 seconds
Number of updated asset objects reloaded before import = 0
Number of asset objects unloaded after import = 10
========================================================================
Received Import Request.
  Time since last request: 58.124875 seconds.
  path: Assets/Sprites/MainCharacter/CharacterAsset.png
  artifactKey: Guid(84dc5df61c879d8439c827bded5429f2) Importer(815301076,1909f56bfc062723c751e8b465ee728b)
Start importing Assets/Sprites/MainCharacter/CharacterAsset.png using Guid(84dc5df61c879d8439c827bded5429f2) Importer(815301076,1909f56bfc062723c751e8b465ee728b)  -> (artifact id: '782ba65b7dda32c6180bea0b4fb2afd3') in 0.044194 seconds
Number of updated asset objects reloaded before import = 0
Number of asset objects unloaded after import = 10
========================================================================
Received Import Request.
  Time since last request: 40.701735 seconds.
  path: Assets/Sprites/MainCharacter/CharacterAsset.png
  artifactKey: Guid(84dc5df61c879d8439c827bded5429f2) Importer(815301076,1909f56bfc062723c751e8b465ee728b)
Start importing Assets/Sprites/MainCharacter/CharacterAsset.png using Guid(84dc5df61c879d8439c827bded5429f2) Importer(815301076,1909f56bfc062723c751e8b465ee728b)  -> (artifact id: '8466185321c992ec17284f5d132ced5b') in 0.051731 seconds
Number of updated asset objects reloaded before import = 0
Number of asset objects unloaded after import = 10
========================================================================
Received Import Request.
  Time since last request: 12.157801 seconds.
  path: Assets/Sprites/MainCharacter/CharacterAsset.png
  artifactKey: Guid(84dc5df61c879d8439c827bded5429f2) Importer(815301076,1909f56bfc062723c751e8b465ee728b)
Start importing Assets/Sprites/MainCharacter/CharacterAsset.png using Guid(84dc5df61c879d8439c827bded5429f2) Importer(815301076,1909f56bfc062723c751e8b465ee728b)  -> (artifact id: '2b91adc689a16550846be41f23ba9f94') in 0.053959 seconds
Number of updated asset objects reloaded before import = 0
Number of asset objects unloaded after import = 10
========================================================================
Received Import Request.
  Time since last request: 65.824429 seconds.
  path: Assets/Sprites/MainCharacter/CharacterAsset.png
  artifactKey: Guid(84dc5df61c879d8439c827bded5429f2) Importer(815301076,1909f56bfc062723c751e8b465ee728b)
Start importing Assets/Sprites/MainCharacter/CharacterAsset.png using Guid(84dc5df61c879d8439c827bded5429f2) Importer(815301076,1909f56bfc062723c751e8b465ee728b)  -> (artifact id: '1c7ebb3484b5a31f09ade201d14ed5f9') in 0.041300 seconds
Number of updated asset objects reloaded before import = 0
Number of asset objects unloaded after import = 10
========================================================================
Received Import Request.
  Time since last request: 63.815797 seconds.
  path: Assets/Sprites/MainCharacter/CharacterAsset.png
  artifactKey: Guid(84dc5df61c879d8439c827bded5429f2) Importer(815301076,1909f56bfc062723c751e8b465ee728b)
Start importing Assets/Sprites/MainCharacter/CharacterAsset.png using Guid(84dc5df61c879d8439c827bded5429f2) Importer(815301076,1909f56bfc062723c751e8b465ee728b)  -> (artifact id: '1286ab6e6490505e5f3a77f687bf276e') in 0.036352 seconds
Number of updated asset objects reloaded before import = 0
Number of asset objects unloaded after import = 10
========================================================================
Received Import Request.
  Time since last request: 3.708011 seconds.
  path: Assets/Sprites/MainCharacter/CharacterAsset.png
  artifactKey: Guid(84dc5df61c879d8439c827bded5429f2) Importer(815301076,1909f56bfc062723c751e8b465ee728b)
Start importing Assets/Sprites/MainCharacter/CharacterAsset.png using Guid(84dc5df61c879d8439c827bded5429f2) Importer(815301076,1909f56bfc062723c751e8b465ee728b)  -> (artifact id: 'faf04f125448f2d508389f9eab609745') in 0.039674 seconds
Number of updated asset objects reloaded before import = 0
Number of asset objects unloaded after import = 10
========================================================================
Received Prepare
Begin MonoManager ReloadAssembly
Symbol file LoadedFromMemory doesn't match image D:\game_project\GameJamCycles\GameJamCycles\Library\PackageCache\com.unity.visualscripting@1.8.0\Editor\VisualScripting.Core\Dependencies\YamlDotNet\Unity.VisualScripting.YamlDotNet.dll
Symbol file LoadedFromMemory doesn't match image D:\game_project\GameJamCycles\GameJamCycles\Library\PackageCache\com.unity.visualscripting@1.8.0\Editor\VisualScripting.Core\Dependencies\DotNetZip\Unity.VisualScripting.IonicZip.dll
- Loaded All Assemblies, in  0.549 seconds
Refreshing native plugins compatible for Editor in 2.01 ms, found 4 plugins.
Native extension for UWP target not found
Native extension for LinuxStandalone target not found
Native extension for WindowsStandalone target not found
Native extension for AppleTV target not found
Native extension for iOS target not found
Native extension for Android target not found
Native extension for OSXStandalone target not found
Native extension for WebGL target not found
Mono: successfully reloaded assembly
- Finished resetting the current domain, in  0.650 seconds
Domain Reload Profiling: 1199ms
	BeginReloadAssembly (118ms)
		ExecutionOrderSort (0ms)
		DisableScriptedObjects (9ms)
		BackupInstance (0ms)
		ReleaseScriptingObjects (0ms)
		CreateAndSetChildDomain (38ms)
	RebuildCommonClasses (26ms)
	RebuildNativeTypeToScriptingClass (11ms)
	initialDomainReloadingComplete (22ms)
	LoadAllAssembliesAndSetupDomain (372ms)
		LoadAssemblies (221ms)
		RebuildTransferFunctionScriptingTraits (0ms)
		AnalyzeDomain (196ms)
			TypeCache.Refresh (192ms)
				TypeCache.ScanAssembly (182ms)
			ScanForSourceGeneratedMonoScriptInfo (0ms)
			ResolveRequiredComponents (3ms)
	FinalizeReload (650ms)
		ReleaseScriptCaches (0ms)
		RebuildScriptCaches (0ms)
		SetupLoadedEditorAssemblies (310ms)
			LogAssemblyErrors (0ms)
			InitializePlatformSupportModulesInManaged (29ms)
			SetLoadedEditorAssemblies (4ms)
			RefreshPlugins (0ms)
			BeforeProcessingInitializeOnLoad (60ms)
			ProcessInitializeOnLoadAttributes (188ms)
			ProcessInitializeOnLoadMethodAttributes (28ms)
			AfterProcessingInitializeOnLoad (1ms)
			EditorAssembliesLoaded (0ms)
		ExecutionOrderSort2 (0ms)
		AwakeInstancesAfterBackupRestoration (11ms)
Refreshing native plugins compatible for Editor in 2.44 ms, found 4 plugins.
Preloading 0 native plugins for Editor in 0.00 ms.
Unloading 4000 Unused Serialized files (Serialized files now loaded: 0)
Unloading 41 unused Assets / (217.0 KB). Loaded Objects now: 4533.
Memory consumption went from 142.9 MB to 142.7 MB.
Total: 3.268200 ms (FindLiveObjects: 0.343700 ms CreateObjectMapping: 0.096500 ms MarkObjects: 2.598900 ms  DeleteObjects: 0.227700 ms)

Prepare: number of updated asset objects reloaded= 0
AssetImportParameters requested are different than current active one (requested -> active):
  custom:container-demuxer-ogg: 62fdf1f143b41e24485cea50d1cbac27 -> 
  custom:video-codec-MediaFoundation-h265: 746d11721c4dcdbdad8f713fa42b33f4 -> 
  custom:video-decoder-ogg-theora: a1e56fd34408186e4bbccfd4996cb3dc -> 
  custom:framework-win-MediaFoundation: 216162199b28c13a410421893ffa2e32 -> 
  custom:CustomObjectIndexerAttribute: 756ad292c208cfabdd7b50bc23989ffe -> 
  custom:container-demuxer-webm: 4f35f7cbe854078d1ac9338744f61a02 -> 
  custom:container-muxer-webm: aa71ff27fc2769a1b78a27578f13a17b -> 
  custom:video-decoder-webm-vp8: 9c59270c3fd7afecdb556c50c9e8de78 -> 
  custom:AudioImporter_EditorPlatform: d09bf68614088b80899f8185d706f6e7 -> 
  custom:video-encoder-webm-vp8: eb34c28f22e8b96e1ab97ce403110664 -> 
  custom:audio-decoder-ogg-vorbis: bf7c407c2cedff20999df2af8eb42d56 -> 
  custom:audio-encoder-webm-vorbis: bf7c407c2cedff20999df2af8eb42d56 -> 
========================================================================
Received Prepare
Begin MonoManager ReloadAssembly
Symbol file LoadedFromMemory doesn't match image D:\game_project\GameJamCycles\GameJamCycles\Library\PackageCache\com.unity.visualscripting@1.8.0\Editor\VisualScripting.Core\Dependencies\YamlDotNet\Unity.VisualScripting.YamlDotNet.dll
Symbol file LoadedFromMemory doesn't match image D:\game_project\GameJamCycles\GameJamCycles\Library\PackageCache\com.unity.visualscripting@1.8.0\Editor\VisualScripting.Core\Dependencies\DotNetZip\Unity.VisualScripting.IonicZip.dll
- Loaded All Assemblies, in  0.507 seconds
Refreshing native plugins compatible for Editor in 2.08 ms, found 4 plugins.
Native extension for UWP target not found
Native extension for LinuxStandalone target not found
Native extension for WindowsStandalone target not found
Native extension for AppleTV target not found
Native extension for iOS target not found
Native extension for Android target not found
Native extension for OSXStandalone target not found
Native extension for WebGL target not found
Mono: successfully reloaded assembly
- Finished resetting the current domain, in  0.641 seconds
Domain Reload Profiling: 1148ms
	BeginReloadAssembly (126ms)
		ExecutionOrderSort (0ms)
		DisableScriptedObjects (9ms)
		BackupInstance (0ms)
		ReleaseScriptingObjects (0ms)
		CreateAndSetChildDomain (40ms)
	RebuildCommonClasses (29ms)
	RebuildNativeTypeToScriptingClass (8ms)
	initialDomainReloadingComplete (19ms)
	LoadAllAssembliesAndSetupDomain (326ms)
		LoadAssemblies (195ms)
		RebuildTransferFunctionScriptingTraits (0ms)
		AnalyzeDomain (182ms)
			TypeCache.Refresh (178ms)
				TypeCache.ScanAssembly (168ms)
			ScanForSourceGeneratedMonoScriptInfo (0ms)
			ResolveRequiredComponents (4ms)
	FinalizeReload (641ms)
		ReleaseScriptCaches (0ms)
		RebuildScriptCaches (0ms)
		SetupLoadedEditorAssemblies (311ms)
			LogAssemblyErrors (0ms)
			InitializePlatformSupportModulesInManaged (30ms)
			SetLoadedEditorAssemblies (3ms)
			RefreshPlugins (0ms)
			BeforeProcessingInitializeOnLoad (60ms)
			ProcessInitializeOnLoadAttributes (189ms)
			ProcessInitializeOnLoadMethodAttributes (27ms)
			AfterProcessingInitializeOnLoad (2ms)
			EditorAssembliesLoaded (0ms)
		ExecutionOrderSort2 (0ms)
		AwakeInstancesAfterBackupRestoration (11ms)
Refreshing native plugins compatible for Editor in 2.37 ms, found 4 plugins.
Preloading 0 native plugins for Editor in 0.00 ms.
Unloading 4001 Unused Serialized files (Serialized files now loaded: 0)
Unloading 41 unused Assets / (218.0 KB). Loaded Objects now: 4537.
Memory consumption went from 143.1 MB to 142.9 MB.
Total: 3.199900 ms (FindLiveObjects: 0.311600 ms CreateObjectMapping: 0.096000 ms MarkObjects: 2.593100 ms  DeleteObjects: 0.198500 ms)

Prepare: number of updated asset objects reloaded= 0
AssetImportParameters requested are different than current active one (requested -> active):
  custom:container-demuxer-ogg: 62fdf1f143b41e24485cea50d1cbac27 -> 
  custom:video-codec-MediaFoundation-h265: 746d11721c4dcdbdad8f713fa42b33f4 -> 
  custom:video-decoder-ogg-theora: a1e56fd34408186e4bbccfd4996cb3dc -> 
  custom:framework-win-MediaFoundation: 216162199b28c13a410421893ffa2e32 -> 
  custom:CustomObjectIndexerAttribute: 756ad292c208cfabdd7b50bc23989ffe -> 
  custom:container-demuxer-webm: 4f35f7cbe854078d1ac9338744f61a02 -> 
  custom:container-muxer-webm: aa71ff27fc2769a1b78a27578f13a17b -> 
  custom:video-decoder-webm-vp8: 9c59270c3fd7afecdb556c50c9e8de78 -> 
  custom:AudioImporter_EditorPlatform: d09bf68614088b80899f8185d706f6e7 -> 
  custom:video-encoder-webm-vp8: eb34c28f22e8b96e1ab97ce403110664 -> 
  custom:audio-decoder-ogg-vorbis: bf7c407c2cedff20999df2af8eb42d56 -> 
  custom:audio-encoder-webm-vorbis: bf7c407c2cedff20999df2af8eb42d56 -> 
TcpMessagingSession - receive error
AssetImportWorkerClient::OnTransportError - code=10054 error=     .
